{"level":"info","message":"Identity Service running on port 3001","service":"api-gateway","timestamp":"2025-01-04T02:23:40.135Z"}
{"level":"info","message":"Connected To MongoDB","service":"api-gateway","timestamp":"2025-01-04T02:23:40.641Z"}
{"level":"info","message":"Identity Service running on port 3001","service":"api-gateway","timestamp":"2025-01-04T02:24:07.169Z"}
{"level":"info","message":"Connected To MongoDB","service":"api-gateway","timestamp":"2025-01-04T02:24:07.554Z"}
{"level":"info","message":"Received POST request to /api/auth/register","service":"api-gateway","timestamp":"2025-01-04T13:15:06.906Z"}
{"level":"info","message":"Request Body [object Object]","service":"api-gateway","timestamp":"2025-01-04T13:15:06.908Z"}
{"level":"info","message":"Registration endpoint hit...","service":"api-gateway","timestamp":"2025-01-04T13:15:06.926Z"}
{"buffer":{"data":[103,121,52,91,217,94,69,66,22,245,208,6],"type":"Buffer"},"level":"warn","message":"User Saved Successfully","service":"api-gateway","timestamp":"2025-01-04T13:15:07.514Z"}
{"level":"info","message":"Identity Service running on port 3001","service":"api-gateway","timestamp":"2025-01-04T13:24:04.550Z"}
{"level":"info","message":"Connected To MongoDB","service":"api-gateway","timestamp":"2025-01-04T13:24:05.268Z"}
{"level":"info","message":"Identity Service running on port 3001","service":"api-gateway","timestamp":"2025-01-04T13:28:18.272Z"}
{"level":"info","message":"Connected To MongoDB","service":"api-gateway","timestamp":"2025-01-04T13:28:18.748Z"}
{"level":"info","message":"Identity Service running on port 3001","service":"api-gateway","timestamp":"2025-01-04T13:29:21.279Z"}
{"level":"info","message":"Connected To MongoDB","service":"api-gateway","timestamp":"2025-01-04T13:29:21.784Z"}
{"level":"info","message":"Received POST request to /api/auth/login","service":"api-gateway","timestamp":"2025-01-04T13:30:40.159Z"}
{"level":"info","message":"Request Body [object Object]","service":"api-gateway","timestamp":"2025-01-04T13:30:40.161Z"}
{"level":"info","message":"Login endpoint hiy...","service":"api-gateway","timestamp":"2025-01-04T13:30:40.166Z"}
{"0":"r","1":"e","2":"a","3":"s","4":"o","5":"n","6":":","level":"error","message":"Unhandled Rejection at","service":"api-gateway","timestamp":"2025-01-04T13:30:40.221Z"}
{"level":"info","message":"Identity Service running on port 3001","service":"api-gateway","timestamp":"2025-01-04T13:32:54.381Z"}
{"level":"info","message":"Connected To MongoDB","service":"api-gateway","timestamp":"2025-01-04T13:32:55.174Z"}
{"level":"info","message":"Received POST request to /api/auth/login","service":"api-gateway","timestamp":"2025-01-04T13:32:58.549Z"}
{"level":"info","message":"Request Body [object Object]","service":"api-gateway","timestamp":"2025-01-04T13:32:58.550Z"}
{"level":"info","message":"Login endpoint hit...","service":"api-gateway","timestamp":"2025-01-04T13:32:58.554Z"}
{"0":"r","1":"e","2":"a","3":"s","4":"o","5":"n","6":":","level":"error","message":"Unhandled Rejection at","service":"api-gateway","timestamp":"2025-01-04T13:32:58.595Z"}
{"level":"info","message":"Identity Service running on port 3001","service":"api-gateway","timestamp":"2025-01-04T13:36:34.278Z"}
{"level":"info","message":"Connected To MongoDB","service":"api-gateway","timestamp":"2025-01-04T13:36:34.702Z"}
{"level":"info","message":"Identity Service running on port 3001","service":"api-gateway","timestamp":"2025-01-04T13:36:39.761Z"}
{"level":"info","message":"Connected To MongoDB","service":"api-gateway","timestamp":"2025-01-04T13:36:40.164Z"}
{"level":"info","message":"Received POST request to /api/auth/login","service":"api-gateway","timestamp":"2025-01-04T13:37:07.771Z"}
{"level":"info","message":"Request Body [object Object]","service":"api-gateway","timestamp":"2025-01-04T13:37:07.773Z"}
{"level":"info","message":"Login endpoint hit...","service":"api-gateway","timestamp":"2025-01-04T13:37:07.777Z"}
{"level":"error","message":"Login error occured user.comparePassword is not a function","service":"api-gateway","stack":"TypeError: user.comparePassword is not a function\n    at loginUser (E:\\Web New\\nodejs\\advanced\\04socialMediaMicroservices\\identity-service\\src\\controllers\\identity-controller.js:102:44)\n    at process.processTicksAndRejections (node:internal/process/task_queues:105:5)","timestamp":"2025-01-04T13:37:07.822Z"}
{"level":"info","message":"Identity Service running on port 3001","service":"api-gateway","timestamp":"2025-01-04T13:38:30.767Z"}
{"level":"info","message":"Connected To MongoDB","service":"api-gateway","timestamp":"2025-01-04T13:38:31.201Z"}
{"level":"info","message":"Received POST request to /api/auth/login","service":"api-gateway","timestamp":"2025-01-04T13:38:37.078Z"}
{"level":"info","message":"Request Body [object Object]","service":"api-gateway","timestamp":"2025-01-04T13:38:37.078Z"}
{"level":"info","message":"Login endpoint hit...","service":"api-gateway","timestamp":"2025-01-04T13:38:37.082Z"}
{"level":"info","message":"Identity Service running on port 3001","service":"api-gateway","timestamp":"2025-01-04T14:15:13.111Z"}
{"level":"info","message":"Connected To MongoDB","service":"api-gateway","timestamp":"2025-01-04T14:15:13.617Z"}
{"level":"info","message":"Identity Service running on port 3001","service":"api-gateway","timestamp":"2025-01-04T14:17:56.296Z"}
{"level":"info","message":"Connected To MongoDB","service":"api-gateway","timestamp":"2025-01-04T14:17:56.843Z"}
{"level":"info","message":"Identity Service running on port 3001","service":"api-gateway","timestamp":"2025-01-04T14:18:37.405Z"}
{"level":"info","message":"Connected To MongoDB","service":"api-gateway","timestamp":"2025-01-04T14:18:38.170Z"}
{"level":"info","message":"Identity Service running on port 3001","service":"api-gateway","timestamp":"2025-01-04T14:19:08.090Z"}
{"level":"info","message":"Connected To MongoDB","service":"api-gateway","timestamp":"2025-01-04T14:19:08.729Z"}
{"level":"info","message":"Received POST request to /api/auth/register","service":"api-gateway","timestamp":"2025-01-04T14:19:41.654Z"}
{"level":"info","message":"Request Body [object Object]","service":"api-gateway","timestamp":"2025-01-04T14:19:41.656Z"}
{"level":"info","message":"Registration endpoint hit...","service":"api-gateway","timestamp":"2025-01-04T14:19:41.689Z"}
{"buffer":{"data":[103,121,67,125,87,27,166,240,130,248,123,155],"type":"Buffer"},"level":"warn","message":"User Saved Successfully","service":"api-gateway","timestamp":"2025-01-04T14:19:41.848Z"}
{"level":"info","message":"Received POST request to /api/auth/register","service":"api-gateway","timestamp":"2025-01-04T14:19:59.016Z"}
{"level":"info","message":"Request Body [object Object]","service":"api-gateway","timestamp":"2025-01-04T14:19:59.017Z"}
{"level":"info","message":"Registration endpoint hit...","service":"api-gateway","timestamp":"2025-01-04T14:19:59.021Z"}
{"0":"\"","1":"p","10":" ","11":"l","12":"e","13":"n","14":"g","15":"t","16":"h","17":" ","18":"m","19":"u","2":"a","20":"s","21":"t","22":" ","23":"b","24":"e","25":" ","26":"a","27":"t","28":" ","29":"l","3":"s","30":"e","31":"a","32":"s","33":"t","34":" ","35":"6","36":" ","37":"c","38":"h","39":"a","4":"s","40":"r","41":"a","42":"c","43":"t","44":"e","45":"r","46":"s","47":" ","48":"l","49":"o","5":"w","50":"n","51":"g","6":"o","7":"r","8":"d","9":"\"","level":"warn","message":"Validation Error","service":"api-gateway","timestamp":"2025-01-04T14:19:59.024Z"}
{"level":"info","message":"Received POST request to /api/auth/register","service":"api-gateway","timestamp":"2025-01-04T14:20:03.199Z"}
{"level":"info","message":"Request Body [object Object]","service":"api-gateway","timestamp":"2025-01-04T14:20:03.201Z"}
{"level":"warn","message":"Sensitive Endpoint Rate limit exceeded for IP ::1","service":"api-gateway","timestamp":"2025-01-04T14:20:03.205Z"}
{"level":"info","message":"Received POST request to /api/auth/login","service":"api-gateway","timestamp":"2025-01-04T14:20:24.503Z"}
{"level":"info","message":"Request Body [object Object]","service":"api-gateway","timestamp":"2025-01-04T14:20:24.504Z"}
{"level":"info","message":"Login endpoint hit...","service":"api-gateway","timestamp":"2025-01-04T14:20:24.506Z"}
{"level":"info","message":"Identity Service running on port 3001","service":"api-gateway","timestamp":"2025-01-04T22:51:26.847Z"}
{"level":"info","message":"Connected To MongoDB","service":"api-gateway","timestamp":"2025-01-04T22:51:27.273Z"}
{"level":"info","message":"Received POST request to /api/auth/register","service":"identity-service","timestamp":"2025-02-02T05:08:21.415Z"}
{"level":"info","message":"Request Body [object Object]","service":"identity-service","timestamp":"2025-02-02T05:08:21.417Z"}
{"level":"info","message":"Registration endpoint hit...","service":"identity-service","timestamp":"2025-02-02T05:08:21.605Z"}
{"0":"\"","1":"u","10":" ","11":"l","12":"e","13":"n","14":"g","15":"t","16":"h","17":" ","18":"m","19":"u","2":"s","20":"s","21":"t","22":" ","23":"b","24":"e","25":" ","26":"a","27":"t","28":" ","29":"l","3":"e","30":"e","31":"a","32":"s","33":"t","34":" ","35":"3","36":" ","37":"c","38":"h","39":"a","4":"r","40":"r","41":"a","42":"c","43":"t","44":"e","45":"r","46":"s","47":" ","48":"l","49":"o","5":"n","50":"n","51":"g","6":"a","7":"m","8":"e","9":"\"","level":"warn","message":"Validation Error","service":"identity-service","timestamp":"2025-02-02T05:08:21.617Z"}
{"level":"info","message":"Received POST request to /api/auth/register","service":"identity-service","timestamp":"2025-02-02T05:09:38.371Z"}
{"level":"info","message":"Request Body [object Object]","service":"identity-service","timestamp":"2025-02-02T05:09:38.373Z"}
{"level":"info","message":"Registration endpoint hit...","service":"identity-service","timestamp":"2025-02-02T05:09:38.381Z"}
{"0":"\"","1":"p","10":" ","11":"l","12":"e","13":"n","14":"g","15":"t","16":"h","17":" ","18":"m","19":"u","2":"a","20":"s","21":"t","22":" ","23":"b","24":"e","25":" ","26":"a","27":"t","28":" ","29":"l","3":"s","30":"e","31":"a","32":"s","33":"t","34":" ","35":"6","36":" ","37":"c","38":"h","39":"a","4":"s","40":"r","41":"a","42":"c","43":"t","44":"e","45":"r","46":"s","47":" ","48":"l","49":"o","5":"w","50":"n","51":"g","6":"o","7":"r","8":"d","9":"\"","level":"warn","message":"Validation Error","service":"identity-service","timestamp":"2025-02-02T05:09:38.390Z"}
{"level":"info","message":"Received POST request to /api/auth/register","service":"identity-service","timestamp":"2025-02-02T05:09:49.874Z"}
{"level":"info","message":"Request Body [object Object]","service":"identity-service","timestamp":"2025-02-02T05:09:49.875Z"}
{"level":"info","message":"Registration endpoint hit...","service":"identity-service","timestamp":"2025-02-02T05:09:49.877Z"}
{"level":"warn","message":"User Already Exists","service":"identity-service","timestamp":"2025-02-02T05:09:49.935Z"}
{"level":"info","message":"Received POST request to /api/auth/register","service":"identity-service","timestamp":"2025-02-02T05:10:05.422Z"}
{"level":"info","message":"Request Body [object Object]","service":"identity-service","timestamp":"2025-02-02T05:10:05.423Z"}
{"level":"info","message":"Registration endpoint hit...","service":"identity-service","timestamp":"2025-02-02T05:10:05.425Z"}
{"buffer":{"data":[103,158,254,45,95,52,204,167,126,249,34,234],"type":"Buffer"},"level":"warn","message":"User Saved Successfully","service":"identity-service","timestamp":"2025-02-02T05:10:05.632Z"}
{"level":"info","message":"Received POST request to /api/auth/register","service":"identity-service","timestamp":"2025-02-02T05:10:44.239Z"}
{"level":"info","message":"Request Body [object Object]","service":"identity-service","timestamp":"2025-02-02T05:10:44.240Z"}
{"level":"info","message":"Registration endpoint hit...","service":"identity-service","timestamp":"2025-02-02T05:10:44.243Z"}
{"level":"warn","message":"User Already Exists","service":"identity-service","timestamp":"2025-02-02T05:10:44.282Z"}
{"level":"info","message":"Received POST request to /api/auth/register","service":"identity-service","timestamp":"2025-02-02T05:10:45.890Z"}
{"level":"info","message":"Request Body [object Object]","service":"identity-service","timestamp":"2025-02-02T05:10:45.891Z"}
{"level":"warn","message":"Sensitive Endpoint Rate limit exceeded for IP ::1","service":"identity-service","timestamp":"2025-02-02T05:10:45.894Z"}
{"level":"info","message":"Received POST request to /api/auth/register","service":"identity-service","timestamp":"2025-02-02T05:11:15.344Z"}
{"level":"info","message":"Request Body [object Object]","service":"identity-service","timestamp":"2025-02-02T05:11:15.344Z"}
{"level":"warn","message":"Sensitive Endpoint Rate limit exceeded for IP ::1","service":"identity-service","timestamp":"2025-02-02T05:11:15.346Z"}
{"level":"info","message":"Received POST request to /api/auth/register","service":"identity-service","timestamp":"2025-02-02T05:44:49.497Z"}
{"level":"info","message":"Request Body [object Object]","service":"identity-service","timestamp":"2025-02-02T05:44:49.497Z"}
{"level":"info","message":"Registration endpoint hit...","service":"identity-service","timestamp":"2025-02-02T05:44:49.501Z"}
{"buffer":{"data":[103,159,6,81,95,52,204,167,126,249,34,240],"type":"Buffer"},"level":"warn","message":"User Saved Successfully","service":"identity-service","timestamp":"2025-02-02T05:44:49.691Z"}
{"level":"info","message":"Received POST request to /api/auth/register","service":"identity-service","timestamp":"2025-02-02T05:45:51.682Z"}
{"level":"info","message":"Request Body [object Object]","service":"identity-service","timestamp":"2025-02-02T05:45:51.683Z"}
{"level":"info","message":"Registration endpoint hit...","service":"identity-service","timestamp":"2025-02-02T05:45:51.687Z"}
{"level":"warn","message":"User Already Exists","service":"identity-service","timestamp":"2025-02-02T05:45:51.731Z"}
